<?xml version="1.0" encoding="UTF-8"?>
<testng-results skipped="0" failed="0" total="1" passed="1">
  <reporter-output>
  </reporter-output>
  <suite name="Default suite" duration-ms="5100" started-at="2020-04-13T06:59:27Z" finished-at="2020-04-13T06:59:32Z">
    <groups>
    </groups>
    <test name="Default test" duration-ms="5100" started-at="2020-04-13T06:59:27Z" finished-at="2020-04-13T06:59:32Z">
      <class name="oauth2.SpecBuilderTest">
        <test-method status="PASS" signature="addPlace()[pri:0, instance:oauth2.SpecBuilderTest@5e5792a0]" name="addPlace" duration-ms="5032" started-at="2020-04-13T12:29:27Z" finished-at="2020-04-13T12:29:32Z">
          <reporter-output>
          </reporter-output>
        </test-method> <!-- addPlace -->
      </class> <!-- oauth2.SpecBuilderTest -->
    </test> <!-- Default test -->
  </suite> <!-- Default suite -->
</testng-results>
